 
****************************************
Report : timing
        -path full
        -delay max
        -max_paths 1
Design : s15850
Version: J-2014.09-SP5
Date   : Wed Nov 30 22:59:06 2016
****************************************

 * Some/all delay information is back-annotated.

Operating Conditions: TYPICAL   Library: saed90nm_typ
	Parasitic source    : LPE
	Parasitic mode      : RealRC
	Extraction mode     : MIN_MAX
	Extraction derating : 25/25/25

Information: Percent of Arnoldi-based delays = 13.75%

  Startpoint: DFF_39/q_reg
              (rising edge-triggered flip-flop clocked by CK)
  Endpoint: DFF_506/q_reg
            (rising edge-triggered flip-flop clocked by CK)
  Path Group: CK
  Path Type: max

  Point                                    Incr       Path
  -----------------------------------------------------------
  clock CK (rise edge)                     0.00       0.00
  clock network delay (propagated)         0.11       0.11
  DFF_39/q_reg/CLK (DFFX1)                 0.00       0.11 r
  DFF_39/q_reg/QN (DFFX1)                  0.16       0.27 r
  DFF_39/q (dff_495)                       0.00       0.27 r
  U1680/QN (NAND2X0)                       0.04 &     0.31 f
  U1681/QN (NAND2X0)                       0.07 &     0.38 r
  U1718/QN (NOR2X0)                        0.06 &     0.43 f
  U1860/ZN (INVX0)                         0.03 &     0.47 r
  U1862/QN (NOR2X0)                        0.03 &     0.50 f
  U1863/QN (NAND2X0)                       0.16 &     0.66 r
  U1868/Q (OR2X1)                          0.10 &     0.76 r
  U1933/QN (NAND2X0)                       0.04 &     0.79 f
  U1934/QN (NAND2X0)                       0.07 &     0.86 r
  U1935/Q (XNOR2X1)                        0.12 &     0.97 r
  U1940/QN (NAND4X0)                       0.05 &     1.02 f
  U1941/ZN (INVX0)                         0.03 &     1.05 r
  U1954/QN (NAND2X0)                       0.07 &     1.12 f
  U1618/Q (AND2X1)                         0.10 &     1.22 f
  U1576/QN (NAND2X0)                       0.08 &     1.30 r
  U2326/Q (OA21X1)                         0.11 &     1.41 r
  U2327/Q (OA222X1)                        0.08 &     1.48 r
  DFF_506/d (dff_28)                       0.00       1.48 r
  DFF_506/U5/ZN (INVX0)                    0.02 &     1.51 f
  DFF_506/q_reg/D (DFFX1)                  0.00 &     1.51 f
  data arrival time                                   1.51

  clock CK (rise edge)                     2.00       2.00
  clock network delay (propagated)         0.10       2.10
  clock uncertainty                       -0.05       2.05
  DFF_506/q_reg/CLK (DFFX1)                0.00       2.05 r
  library setup time                      -0.02       2.03
  data required time                                  2.03
  -----------------------------------------------------------
  data required time                                  2.03
  data arrival time                                  -1.51
  -----------------------------------------------------------
  slack (MET)                                         0.53


1
